<?xml version="1.0" encoding="UTF-8"?>
<testng-results skipped="0" failed="0" ignored="94" total="95" passed="1">
  <reporter-output>
  </reporter-output>
  <suite name="Suite" duration-ms="427786" started-at="2020-08-07T10:04:40Z" finished-at="2020-08-07T10:11:48Z">
    <groups>
      <group name="Ratikanta_Sprint1_REQ_572_1">
        <method signature="QCStore.QC_Sprint_B20_182_6_Txn_Testdata()[pri:51, instance:tests.QCStore@5f9d02cb]" name="QC_Sprint_B20_182_6_Txn_Testdata" class="tests.QCStore"/>
      </group> <!-- Ratikanta_Sprint1_REQ_572_1 -->
    </groups>
    <test name="Test" duration-ms="427786" started-at="2020-08-07T10:04:40Z" finished-at="2020-08-07T10:11:48Z">
      <class name="tests.QCStore">
        <test-method status="PASS" signature="setup()[pri:0, instance:tests.QCStore@5f9d02cb]" name="setup" is-config="true" duration-ms="83" started-at="2020-08-07T10:04:40Z" finished-at="2020-08-07T10:04:40Z">
          <reporter-output>
          </reporter-output>
        </test-method> <!-- setup -->
        <test-method status="PASS" signature="killProcess()[pri:0, instance:tests.QCStore@5f9d02cb]" name="killProcess" is-config="true" duration-ms="5011" started-at="2020-08-07T10:04:40Z" finished-at="2020-08-07T10:04:45Z">
          <reporter-output>
          </reporter-output>
        </test-method> <!-- killProcess -->
        <test-method status="PASS" signature="QC_Sprint_B20_182_6_Txn_Testdata()[pri:51, instance:tests.QCStore@5f9d02cb]" name="QC_Sprint_B20_182_6_Txn_Testdata" duration-ms="421919" started-at="2020-08-07T10:04:45Z" finished-at="2020-08-07T10:11:47Z">
          <reporter-output>
          </reporter-output>
        </test-method> <!-- QC_Sprint_B20_182_6_Txn_Testdata -->
        <test-method status="PASS" signature="getResult(org.testng.ITestResult)[pri:0, instance:tests.QCStore@5f9d02cb]" name="getResult" is-config="true" duration-ms="759" started-at="2020-08-07T10:11:47Z" finished-at="2020-08-07T10:11:48Z">
          <params>
            <param index="0">
              <value>
                <![CDATA[[TestResult name=QC_Sprint_B20_182_6_Txn_Testdata status=SUCCESS method=QCStore.QC_Sprint_B20_182_6_Txn_Testdata()[pri:51, instance:tests.QCStore@5f9d02cb] output={null}]]]>
              </value>
            </param>
          </params>
          <reporter-output>
          </reporter-output>
        </test-method> <!-- getResult -->
        <test-method status="PASS" signature="endReport()[pri:0, instance:tests.QCStore@5f9d02cb]" name="endReport" is-config="true" duration-ms="0" started-at="2020-08-07T10:11:47Z" finished-at="2020-08-07T10:11:47Z">
          <reporter-output>
          </reporter-output>
        </test-method> <!-- endReport -->
      </class> <!-- tests.QCStore -->
    </test> <!-- Test -->
  </suite> <!-- Suite -->
</testng-results>
