<?xml version="1.0" encoding="UTF-8"?>
<testng-results skipped="0" failed="0" ignored="21" total="24" passed="3">
  <reporter-output>
  </reporter-output>
  <suite name="Suite" duration-ms="3797541" started-at="2020-08-06T14:17:47Z" finished-at="2020-08-06T15:21:05Z">
    <groups>
      <group name="Ratikanta_LOC_Accounting_1">
        <method signature="QCStore.QC_LOC_Payment_Default_DefaultPayment_Repo_RefinanceWithDisb_Txn_Testdata()[pri:23, instance:tests.QCStore@5f9d02cb]" name="QC_LOC_Payment_Default_DefaultPayment_Repo_RefinanceWithDisb_Txn_Testdata" class="tests.QCStore"/>
        <method signature="QCStore.QC_LOC_Payment_Default_Repo_RefinanceWithDisb_Txn_Testdata()[pri:22, instance:tests.QCStore@5f9d02cb]" name="QC_LOC_Payment_Default_Repo_RefinanceWithDisb_Txn_Testdata" class="tests.QCStore"/>
        <method signature="QCStore.QC_LOC_Payment_Default_Repo_Refinance_Txn_Testdata()[pri:21, instance:tests.QCStore@5f9d02cb]" name="QC_LOC_Payment_Default_Repo_Refinance_Txn_Testdata" class="tests.QCStore"/>
      </group> <!-- Ratikanta_LOC_Accounting_1 -->
    </groups>
    <test name="Test" duration-ms="3797541" started-at="2020-08-06T14:17:47Z" finished-at="2020-08-06T15:21:05Z">
      <class name="tests.QCStore">
        <test-method status="PASS" signature="setup()[pri:0, instance:tests.QCStore@5f9d02cb]" name="setup" is-config="true" duration-ms="105" started-at="2020-08-06T14:17:47Z" finished-at="2020-08-06T14:17:48Z">
          <reporter-output>
          </reporter-output>
        </test-method> <!-- setup -->
        <test-method status="PASS" signature="killProcess()[pri:0, instance:tests.QCStore@5f9d02cb]" name="killProcess" is-config="true" duration-ms="5016" started-at="2020-08-06T14:17:48Z" finished-at="2020-08-06T14:17:53Z">
          <reporter-output>
          </reporter-output>
        </test-method> <!-- killProcess -->
        <test-method status="PASS" signature="QC_LOC_Payment_Default_Repo_Refinance_Txn_Testdata()[pri:21, instance:tests.QCStore@5f9d02cb]" name="QC_LOC_Payment_Default_Repo_Refinance_Txn_Testdata" duration-ms="1229580" started-at="2020-08-06T14:17:53Z" finished-at="2020-08-06T14:38:22Z">
          <reporter-output>
          </reporter-output>
        </test-method> <!-- QC_LOC_Payment_Default_Repo_Refinance_Txn_Testdata -->
        <test-method status="PASS" signature="getResult(org.testng.ITestResult)[pri:0, instance:tests.QCStore@5f9d02cb]" name="getResult" is-config="true" duration-ms="764" started-at="2020-08-06T14:38:22Z" finished-at="2020-08-06T14:38:23Z">
          <params>
            <param index="0">
              <value>
                <![CDATA[[TestResult name=QC_LOC_Payment_Default_Repo_Refinance_Txn_Testdata status=SUCCESS method=QCStore.QC_LOC_Payment_Default_Repo_Refinance_Txn_Testdata()[pri:21, instance:tests.QCStore@5f9d02cb] output={null}]]]>
              </value>
            </param>
          </params>
          <reporter-output>
          </reporter-output>
        </test-method> <!-- getResult -->
        <test-method status="PASS" signature="endReport()[pri:0, instance:tests.QCStore@5f9d02cb]" name="endReport" is-config="true" duration-ms="0" started-at="2020-08-06T14:38:22Z" finished-at="2020-08-06T14:38:22Z">
          <reporter-output>
          </reporter-output>
        </test-method> <!-- endReport -->
        <test-method status="PASS" signature="killProcess()[pri:0, instance:tests.QCStore@5f9d02cb]" name="killProcess" is-config="true" duration-ms="5003" started-at="2020-08-06T14:38:23Z" finished-at="2020-08-06T14:38:28Z">
          <reporter-output>
          </reporter-output>
        </test-method> <!-- killProcess -->
        <test-method status="PASS" signature="QC_LOC_Payment_Default_Repo_RefinanceWithDisb_Txn_Testdata()[pri:22, instance:tests.QCStore@5f9d02cb]" name="QC_LOC_Payment_Default_Repo_RefinanceWithDisb_Txn_Testdata" duration-ms="1240592" started-at="2020-08-06T14:38:28Z" finished-at="2020-08-06T14:59:09Z">
          <reporter-output>
          </reporter-output>
        </test-method> <!-- QC_LOC_Payment_Default_Repo_RefinanceWithDisb_Txn_Testdata -->
        <test-method status="PASS" signature="getResult(org.testng.ITestResult)[pri:0, instance:tests.QCStore@5f9d02cb]" name="getResult" is-config="true" duration-ms="548" started-at="2020-08-06T14:59:09Z" finished-at="2020-08-06T14:59:09Z">
          <params>
            <param index="0">
              <value>
                <![CDATA[[TestResult name=QC_LOC_Payment_Default_Repo_RefinanceWithDisb_Txn_Testdata status=SUCCESS method=QCStore.QC_LOC_Payment_Default_Repo_RefinanceWithDisb_Txn_Testdata()[pri:22, instance:tests.QCStore@5f9d02cb] output={null}]]]>
              </value>
            </param>
          </params>
          <reporter-output>
          </reporter-output>
        </test-method> <!-- getResult -->
        <test-method status="PASS" signature="endReport()[pri:0, instance:tests.QCStore@5f9d02cb]" name="endReport" is-config="true" duration-ms="0" started-at="2020-08-06T14:59:09Z" finished-at="2020-08-06T14:59:09Z">
          <reporter-output>
          </reporter-output>
        </test-method> <!-- endReport -->
        <test-method status="PASS" signature="killProcess()[pri:0, instance:tests.QCStore@5f9d02cb]" name="killProcess" is-config="true" duration-ms="5000" started-at="2020-08-06T14:59:09Z" finished-at="2020-08-06T14:59:14Z">
          <reporter-output>
          </reporter-output>
        </test-method> <!-- killProcess -->
        <test-method status="PASS" signature="QC_LOC_Payment_Default_DefaultPayment_Repo_RefinanceWithDisb_Txn_Testdata()[pri:23, instance:tests.QCStore@5f9d02cb]" name="QC_LOC_Payment_Default_DefaultPayment_Repo_RefinanceWithDisb_Txn_Testdata" duration-ms="1310354" started-at="2020-08-06T14:59:14Z" finished-at="2020-08-06T15:21:04Z">
          <reporter-output>
          </reporter-output>
        </test-method> <!-- QC_LOC_Payment_Default_DefaultPayment_Repo_RefinanceWithDisb_Txn_Testdata -->
        <test-method status="PASS" signature="getResult(org.testng.ITestResult)[pri:0, instance:tests.QCStore@5f9d02cb]" name="getResult" is-config="true" duration-ms="560" started-at="2020-08-06T15:21:04Z" finished-at="2020-08-06T15:21:05Z">
          <params>
            <param index="0">
              <value>
                <![CDATA[[TestResult name=QC_LOC_Payment_Default_DefaultPayment_Repo_RefinanceWithDisb_Txn_Testdata status=SUCCESS method=QCStore.QC_LOC_Payment_Default_DefaultPayment_Repo_RefinanceWithDisb_Txn_Testdata()[pri:23, instance:tests.QCStore@5f9d02cb] output={null}]]]>
              </value>
            </param>
          </params>
          <reporter-output>
          </reporter-output>
        </test-method> <!-- getResult -->
        <test-method status="PASS" signature="endReport()[pri:0, instance:tests.QCStore@5f9d02cb]" name="endReport" is-config="true" duration-ms="0" started-at="2020-08-06T15:21:04Z" finished-at="2020-08-06T15:21:04Z">
          <reporter-output>
          </reporter-output>
        </test-method> <!-- endReport -->
      </class> <!-- tests.QCStore -->
    </test> <!-- Test -->
  </suite> <!-- Suite -->
</testng-results>
