<?xml version="1.0" encoding="UTF-8"?>
<!-- Generated by org.testng.reporters.JUnitXMLReporter -->
<testsuite hostname="QTLSYS0-225" ignored="0" name="Test" tests="7" failures="0" timestamp="05 Aug 2020 17:51:29 GMT" time="7319.321" errors="0">
  <testcase name="QC_ILP_Loan_PDL_Loan_Trying_To_Apply_Conversion_BySelecting_ILPLoan_Txn_Testdata" time="1148.576" classname="tests.QCStore"/>
  <testcase name="QC_ILP_Loan_2PDL_Loan_Trying_To_Apply_Conversion_BySelecting_ILPLoan_Txn_Testdata" time="1413.057" classname="tests.QCStore"/>
  <testcase name="QC_ILPDefault_Loan_PDLReturn_Loan_Trying_To_Apply_Conversion_BySelecting_BothLoan_Txn_Testdata" time="1531.098" classname="tests.QCStore"/>
  <testcase name="QC_PDL_Loan_Trying_To_Apply_Conversion_Txn" time="749.004" classname="tests.QCStore"/>
  <testcase name="QC_ILP_Loan_Trying_To_Apply_Conversion_Txn" time="720.547" classname="tests.QCStore"/>
  <testcase name="QC_ILP_Loan_PDL_Loan_Trying_To_Apply_Conversion_BySelecting_PDLLoan_Txn_Testdata" time="706.474" classname="tests.QCStore"/>
  <testcase name="QC_ILP_Loan_PDL_Loan_Trying_To_Apply_Conversion_Txn_Testdata" time="1011.025" classname="tests.QCStore"/>
</testsuite> <!-- Test -->
