<?xml version="1.0" encoding="UTF-8"?>
<testng-results skipped="0" failed="0" ignored="0" total="7" passed="7">
  <reporter-output>
  </reporter-output>
  <suite name="Suite" duration-ms="7319321" started-at="2020-08-05T15:49:30Z" finished-at="2020-08-05T17:51:29Z">
    <groups>
      <group name="Ratikanta_Conversion">
        <method signature="QCStore.QC_ILPDefault_Loan_PDLReturn_Loan_Trying_To_Apply_Conversion_BySelecting_BothLoan_Txn_Testdata()[pri:3, instance:tests.QCStore@370736d9]" name="QC_ILPDefault_Loan_PDLReturn_Loan_Trying_To_Apply_Conversion_BySelecting_BothLoan_Txn_Testdata" class="tests.QCStore"/>
        <method signature="QCStore.QC_ILP_Loan_2PDL_Loan_Trying_To_Apply_Conversion_BySelecting_ILPLoan_Txn_Testdata()[pri:2, instance:tests.QCStore@370736d9]" name="QC_ILP_Loan_2PDL_Loan_Trying_To_Apply_Conversion_BySelecting_ILPLoan_Txn_Testdata" class="tests.QCStore"/>
        <method signature="QCStore.QC_ILP_Loan_PDL_Loan_Trying_To_Apply_Conversion_BySelecting_ILPLoan_Txn_Testdata()[pri:1, instance:tests.QCStore@370736d9]" name="QC_ILP_Loan_PDL_Loan_Trying_To_Apply_Conversion_BySelecting_ILPLoan_Txn_Testdata" class="tests.QCStore"/>
        <method signature="QCStore.QC_ILP_Loan_PDL_Loan_Trying_To_Apply_Conversion_BySelecting_PDLLoan_Txn_Testdata()[pri:6, instance:tests.QCStore@370736d9]" name="QC_ILP_Loan_PDL_Loan_Trying_To_Apply_Conversion_BySelecting_PDLLoan_Txn_Testdata" class="tests.QCStore"/>
        <method signature="QCStore.QC_ILP_Loan_PDL_Loan_Trying_To_Apply_Conversion_Txn_Testdata()[pri:7, instance:tests.QCStore@370736d9]" name="QC_ILP_Loan_PDL_Loan_Trying_To_Apply_Conversion_Txn_Testdata" class="tests.QCStore"/>
        <method signature="QCStore.QC_ILP_Loan_Trying_To_Apply_Conversion_Txn()[pri:5, instance:tests.QCStore@370736d9]" name="QC_ILP_Loan_Trying_To_Apply_Conversion_Txn" class="tests.QCStore"/>
        <method signature="QCStore.QC_PDL_Loan_Trying_To_Apply_Conversion_Txn()[pri:4, instance:tests.QCStore@370736d9]" name="QC_PDL_Loan_Trying_To_Apply_Conversion_Txn" class="tests.QCStore"/>
      </group> <!-- Ratikanta_Conversion -->
    </groups>
    <test name="Test" duration-ms="7319321" started-at="2020-08-05T15:49:30Z" finished-at="2020-08-05T17:51:29Z">
      <class name="tests.QCStore">
        <test-method status="PASS" signature="setup()[pri:0, instance:tests.QCStore@370736d9]" name="setup" is-config="true" duration-ms="94" started-at="2020-08-05T15:49:30Z" finished-at="2020-08-05T15:49:30Z">
          <reporter-output>
          </reporter-output>
        </test-method> <!-- setup -->
        <test-method status="PASS" signature="killProcess()[pri:0, instance:tests.QCStore@370736d9]" name="killProcess" is-config="true" duration-ms="5015" started-at="2020-08-05T15:49:30Z" finished-at="2020-08-05T15:49:35Z">
          <reporter-output>
          </reporter-output>
        </test-method> <!-- killProcess -->
        <test-method status="PASS" signature="QC_ILP_Loan_PDL_Loan_Trying_To_Apply_Conversion_BySelecting_ILPLoan_Txn_Testdata()[pri:1, instance:tests.QCStore@370736d9]" name="QC_ILP_Loan_PDL_Loan_Trying_To_Apply_Conversion_BySelecting_ILPLoan_Txn_Testdata" duration-ms="1148576" started-at="2020-08-05T15:49:35Z" finished-at="2020-08-05T16:08:43Z">
          <reporter-output>
          </reporter-output>
        </test-method> <!-- QC_ILP_Loan_PDL_Loan_Trying_To_Apply_Conversion_BySelecting_ILPLoan_Txn_Testdata -->
        <test-method status="PASS" signature="getResult(org.testng.ITestResult)[pri:0, instance:tests.QCStore@370736d9]" name="getResult" is-config="true" duration-ms="717" started-at="2020-08-05T16:08:43Z" finished-at="2020-08-05T16:08:44Z">
          <params>
            <param index="0">
              <value>
                <![CDATA[[TestResult name=QC_ILP_Loan_PDL_Loan_Trying_To_Apply_Conversion_BySelecting_ILPLoan_Txn_Testdata status=SUCCESS method=QCStore.QC_ILP_Loan_PDL_Loan_Trying_To_Apply_Conversion_BySelecting_ILPLoan_Txn_Testdata()[pri:1, instance:tests.QCStore@370736d9] output={null}]]]>
              </value>
            </param>
          </params>
          <reporter-output>
          </reporter-output>
        </test-method> <!-- getResult -->
        <test-method status="PASS" signature="killProcess()[pri:0, instance:tests.QCStore@370736d9]" name="killProcess" is-config="true" duration-ms="5010" started-at="2020-08-05T16:08:44Z" finished-at="2020-08-05T16:08:49Z">
          <reporter-output>
          </reporter-output>
        </test-method> <!-- killProcess -->
        <test-method status="PASS" signature="QC_ILP_Loan_2PDL_Loan_Trying_To_Apply_Conversion_BySelecting_ILPLoan_Txn_Testdata()[pri:2, instance:tests.QCStore@370736d9]" name="QC_ILP_Loan_2PDL_Loan_Trying_To_Apply_Conversion_BySelecting_ILPLoan_Txn_Testdata" duration-ms="1413057" started-at="2020-08-05T16:08:49Z" finished-at="2020-08-05T16:32:22Z">
          <reporter-output>
          </reporter-output>
        </test-method> <!-- QC_ILP_Loan_2PDL_Loan_Trying_To_Apply_Conversion_BySelecting_ILPLoan_Txn_Testdata -->
        <test-method status="PASS" signature="getResult(org.testng.ITestResult)[pri:0, instance:tests.QCStore@370736d9]" name="getResult" is-config="true" duration-ms="552" started-at="2020-08-05T16:32:22Z" finished-at="2020-08-05T16:32:23Z">
          <params>
            <param index="0">
              <value>
                <![CDATA[[TestResult name=QC_ILP_Loan_2PDL_Loan_Trying_To_Apply_Conversion_BySelecting_ILPLoan_Txn_Testdata status=SUCCESS method=QCStore.QC_ILP_Loan_2PDL_Loan_Trying_To_Apply_Conversion_BySelecting_ILPLoan_Txn_Testdata()[pri:2, instance:tests.QCStore@370736d9] output={null}]]]>
              </value>
            </param>
          </params>
          <reporter-output>
          </reporter-output>
        </test-method> <!-- getResult -->
        <test-method status="PASS" signature="killProcess()[pri:0, instance:tests.QCStore@370736d9]" name="killProcess" is-config="true" duration-ms="5007" started-at="2020-08-05T16:32:23Z" finished-at="2020-08-05T16:32:28Z">
          <reporter-output>
          </reporter-output>
        </test-method> <!-- killProcess -->
        <test-method status="PASS" signature="QC_ILPDefault_Loan_PDLReturn_Loan_Trying_To_Apply_Conversion_BySelecting_BothLoan_Txn_Testdata()[pri:3, instance:tests.QCStore@370736d9]" name="QC_ILPDefault_Loan_PDLReturn_Loan_Trying_To_Apply_Conversion_BySelecting_BothLoan_Txn_Testdata" duration-ms="1531098" started-at="2020-08-05T16:32:28Z" finished-at="2020-08-05T16:57:59Z">
          <reporter-output>
          </reporter-output>
        </test-method> <!-- QC_ILPDefault_Loan_PDLReturn_Loan_Trying_To_Apply_Conversion_BySelecting_BothLoan_Txn_Testdata -->
        <test-method status="PASS" signature="getResult(org.testng.ITestResult)[pri:0, instance:tests.QCStore@370736d9]" name="getResult" is-config="true" duration-ms="624" started-at="2020-08-05T16:57:59Z" finished-at="2020-08-05T16:58:00Z">
          <params>
            <param index="0">
              <value>
                <![CDATA[[TestResult name=QC_ILPDefault_Loan_PDLReturn_Loan_Trying_To_Apply_Conversion_BySelecting_BothLoan_Txn_Testdata status=SUCCESS method=QCStore.QC_ILPDefault_Loan_PDLReturn_Loan_Trying_To_Apply_Conversion_BySelecting_BothLoan_Txn_Testdata()[pri:3, instance:tests.QCStore@370736d9] output={null}]]]>
              </value>
            </param>
          </params>
          <reporter-output>
          </reporter-output>
        </test-method> <!-- getResult -->
        <test-method status="PASS" signature="killProcess()[pri:0, instance:tests.QCStore@370736d9]" name="killProcess" is-config="true" duration-ms="5016" started-at="2020-08-05T16:58:00Z" finished-at="2020-08-05T16:58:05Z">
          <reporter-output>
          </reporter-output>
        </test-method> <!-- killProcess -->
        <test-method status="PASS" signature="QC_PDL_Loan_Trying_To_Apply_Conversion_Txn()[pri:4, instance:tests.QCStore@370736d9]" name="QC_PDL_Loan_Trying_To_Apply_Conversion_Txn" duration-ms="749004" started-at="2020-08-05T16:58:05Z" finished-at="2020-08-05T17:10:34Z">
          <reporter-output>
          </reporter-output>
        </test-method> <!-- QC_PDL_Loan_Trying_To_Apply_Conversion_Txn -->
        <test-method status="PASS" signature="getResult(org.testng.ITestResult)[pri:0, instance:tests.QCStore@370736d9]" name="getResult" is-config="true" duration-ms="625" started-at="2020-08-05T17:10:34Z" finished-at="2020-08-05T17:10:34Z">
          <params>
            <param index="0">
              <value>
                <![CDATA[[TestResult name=QC_PDL_Loan_Trying_To_Apply_Conversion_Txn status=SUCCESS method=QCStore.QC_PDL_Loan_Trying_To_Apply_Conversion_Txn()[pri:4, instance:tests.QCStore@370736d9] output={null}]]]>
              </value>
            </param>
          </params>
          <reporter-output>
          </reporter-output>
        </test-method> <!-- getResult -->
        <test-method status="PASS" signature="killProcess()[pri:0, instance:tests.QCStore@370736d9]" name="killProcess" is-config="true" duration-ms="5012" started-at="2020-08-05T17:10:34Z" finished-at="2020-08-05T17:10:39Z">
          <reporter-output>
          </reporter-output>
        </test-method> <!-- killProcess -->
        <test-method status="PASS" signature="QC_ILP_Loan_Trying_To_Apply_Conversion_Txn()[pri:5, instance:tests.QCStore@370736d9]" name="QC_ILP_Loan_Trying_To_Apply_Conversion_Txn" duration-ms="720547" started-at="2020-08-05T17:10:39Z" finished-at="2020-08-05T17:22:40Z">
          <reporter-output>
          </reporter-output>
        </test-method> <!-- QC_ILP_Loan_Trying_To_Apply_Conversion_Txn -->
        <test-method status="PASS" signature="getResult(org.testng.ITestResult)[pri:0, instance:tests.QCStore@370736d9]" name="getResult" is-config="true" duration-ms="547" started-at="2020-08-05T17:22:40Z" finished-at="2020-08-05T17:22:40Z">
          <params>
            <param index="0">
              <value>
                <![CDATA[[TestResult name=QC_ILP_Loan_Trying_To_Apply_Conversion_Txn status=SUCCESS method=QCStore.QC_ILP_Loan_Trying_To_Apply_Conversion_Txn()[pri:5, instance:tests.QCStore@370736d9] output={null}]]]>
              </value>
            </param>
          </params>
          <reporter-output>
          </reporter-output>
        </test-method> <!-- getResult -->
        <test-method status="PASS" signature="killProcess()[pri:0, instance:tests.QCStore@370736d9]" name="killProcess" is-config="true" duration-ms="5002" started-at="2020-08-05T17:22:40Z" finished-at="2020-08-05T17:22:45Z">
          <reporter-output>
          </reporter-output>
        </test-method> <!-- killProcess -->
        <test-method status="PASS" signature="QC_ILP_Loan_PDL_Loan_Trying_To_Apply_Conversion_BySelecting_PDLLoan_Txn_Testdata()[pri:6, instance:tests.QCStore@370736d9]" name="QC_ILP_Loan_PDL_Loan_Trying_To_Apply_Conversion_BySelecting_PDLLoan_Txn_Testdata" duration-ms="706474" started-at="2020-08-05T17:22:45Z" finished-at="2020-08-05T17:34:32Z">
          <reporter-output>
          </reporter-output>
        </test-method> <!-- QC_ILP_Loan_PDL_Loan_Trying_To_Apply_Conversion_BySelecting_PDLLoan_Txn_Testdata -->
        <test-method status="PASS" signature="getResult(org.testng.ITestResult)[pri:0, instance:tests.QCStore@370736d9]" name="getResult" is-config="true" duration-ms="697" started-at="2020-08-05T17:34:32Z" finished-at="2020-08-05T17:34:32Z">
          <params>
            <param index="0">
              <value>
                <![CDATA[[TestResult name=QC_ILP_Loan_PDL_Loan_Trying_To_Apply_Conversion_BySelecting_PDLLoan_Txn_Testdata status=SUCCESS method=QCStore.QC_ILP_Loan_PDL_Loan_Trying_To_Apply_Conversion_BySelecting_PDLLoan_Txn_Testdata()[pri:6, instance:tests.QCStore@370736d9] output={null}]]]>
              </value>
            </param>
          </params>
          <reporter-output>
          </reporter-output>
        </test-method> <!-- getResult -->
        <test-method status="PASS" signature="killProcess()[pri:0, instance:tests.QCStore@370736d9]" name="killProcess" is-config="true" duration-ms="5002" started-at="2020-08-05T17:34:32Z" finished-at="2020-08-05T17:34:37Z">
          <reporter-output>
          </reporter-output>
        </test-method> <!-- killProcess -->
        <test-method status="PASS" signature="QC_ILP_Loan_PDL_Loan_Trying_To_Apply_Conversion_Txn_Testdata()[pri:7, instance:tests.QCStore@370736d9]" name="QC_ILP_Loan_PDL_Loan_Trying_To_Apply_Conversion_Txn_Testdata" duration-ms="1011025" started-at="2020-08-05T17:34:37Z" finished-at="2020-08-05T17:51:28Z">
          <reporter-output>
          </reporter-output>
        </test-method> <!-- QC_ILP_Loan_PDL_Loan_Trying_To_Apply_Conversion_Txn_Testdata -->
        <test-method status="PASS" signature="getResult(org.testng.ITestResult)[pri:0, instance:tests.QCStore@370736d9]" name="getResult" is-config="true" duration-ms="613" started-at="2020-08-05T17:51:28Z" finished-at="2020-08-05T17:51:29Z">
          <params>
            <param index="0">
              <value>
                <![CDATA[[TestResult name=QC_ILP_Loan_PDL_Loan_Trying_To_Apply_Conversion_Txn_Testdata status=SUCCESS method=QCStore.QC_ILP_Loan_PDL_Loan_Trying_To_Apply_Conversion_Txn_Testdata()[pri:7, instance:tests.QCStore@370736d9] output={null}]]]>
              </value>
            </param>
          </params>
          <reporter-output>
          </reporter-output>
        </test-method> <!-- getResult -->
      </class> <!-- tests.QCStore -->
    </test> <!-- Test -->
  </suite> <!-- Suite -->
</testng-results>
